# JRE version: OpenJDK Runtime Environment (8.0_242-b01) (build 1.8.0_242-release-1644-b01)
# Java VM: OpenJDK 64-Bit Server VM (25.242-b01 mixed mode windows-amd64 compressed oops)
Heap:
 PSYoungGen      total 394240K, used 223492K [0x00000000d5580000, 0x00000000f3800000, 0x0000000100000000)
  eden space 315392K, 52% used [0x00000000d5580000,0x00000000df6e7480,0x00000000e8980000)
  from space 78848K, 73% used [0x00000000edb80000,0x00000000f1459d08,0x00000000f2880000)
  to   space 83968K, 0% used [0x00000000e8980000,0x00000000e8980000,0x00000000edb80000)
 ParOldGen       total 283648K, used 82077K [0x0000000080000000, 0x0000000091500000, 0x00000000d5580000)
  object space 283648K, 28% used [0x0000000080000000,0x00000000850274d0,0x0000000091500000)
 Metaspace       used 85416K, capacity 90646K, committed 90904K, reserved 1128448K
  class space    used 11561K, capacity 12572K, committed 12592K, reserved 1048576K
GC Heap History (10 events):
Event: 40.117 GC heap before
{Heap before GC invocations=21 (full 3):
 PSYoungGen      total 240128K, used 235055K [0x00000000d5580000, 0x00000000e9780000, 0x0000000100000000)
  eden space 194560K, 100% used [0x00000000d5580000,0x00000000e1380000,0x00000000e1380000)
  from space 45568K, 88% used [0x00000000e1380000,0x00000000e3b0bfd8,0x00000000e4000000)
  to   space 50688K, 0% used [0x00000000e6600000,0x00000000e6600000,0x00000000e9780000)
 ParOldGen       total 283648K, used 72329K [0x0000000080000000, 0x0000000091500000, 0x00000000d5580000)
  object space 283648K, 25% used [0x0000000080000000,0x00000000846a2630,0x0000000091500000)
 Metaspace       used 85001K, capacity 90236K, committed 90392K, reserved 1126400K
  class space    used 11545K, capacity 12535K, committed 12592K, reserved 1048576K
Event: 40.215 GC heap after
Heap after GC invocations=21 (full 3):
 PSYoungGen      total 273920K, used 43323K [0x00000000d5580000, 0x00000000ea300000, 0x0000000100000000)
  eden space 223232K, 0% used [0x00000000d5580000,0x00000000d5580000,0x00000000e2f80000)
  from space 50688K, 85% used [0x00000000e6600000,0x00000000e904ef20,0x00000000e9780000)
  to   space 55808K, 0% used [0x00000000e2f80000,0x00000000e2f80000,0x00000000e6600000)
 ParOldGen       total 283648K, used 72337K [0x0000000080000000, 0x0000000091500000, 0x00000000d5580000)
  object space 283648K, 25% used [0x0000000080000000,0x00000000846a4630,0x0000000091500000)
 Metaspace       used 85001K, capacity 90236K, committed 90392K, reserved 1126400K
  class space    used 11545K, capacity 12535K, committed 12592K, reserved 1048576K
}
Event: 41.837 GC heap before
{Heap before GC invocations=22 (full 3):
 PSYoungGen      total 273920K, used 266555K [0x00000000d5580000, 0x00000000ea300000, 0x0000000100000000)
  eden space 223232K, 100% used [0x00000000d5580000,0x00000000e2f80000,0x00000000e2f80000)
  from space 50688K, 85% used [0x00000000e6600000,0x00000000e904ef20,0x00000000e9780000)
  to   space 55808K, 0% used [0x00000000e2f80000,0x00000000e2f80000,0x00000000e6600000)
 ParOldGen       total 283648K, used 72337K [0x0000000080000000, 0x0000000091500000, 0x00000000d5580000)
  object space 283648K, 25% used [0x0000000080000000,0x00000000846a4630,0x0000000091500000)
 Metaspace       used 85133K, capacity 90352K, committed 90392K, reserved 1126400K
  class space    used 11557K, capacity 12571K, committed 12592K, reserved 1048576K
Event: 41.941 GC heap after
Heap after GC invocations=22 (full 3):
 PSYoungGen      total 279040K, used 46682K [0x00000000d5580000, 0x00000000ed300000, 0x0000000100000000)
  eden space 223232K, 0% used [0x00000000d5580000,0x00000000d5580000,0x00000000e2f80000)
  from space 55808K, 83% used [0x00000000e2f80000,0x00000000e5d16a10,0x00000000e6600000)
  to   space 61440K, 0% used [0x00000000e9700000,0x00000000e9700000,0x00000000ed300000)
 ParOldGen       total 283648K, used 72337K [0x0000000080000000, 0x0000000091500000, 0x00000000d5580000)
  object space 283648K, 25% used [0x0000000080000000,0x00000000846a4630,0x0000000091500000)
 Metaspace       used 85133K, capacity 90352K, committed 90392K, reserved 1126400K
  class space    used 11557K, capacity 12571K, committed 12592K, reserved 1048576K
}
Event: 43.562 GC heap before
{Heap before GC invocations=23 (full 3):
 PSYoungGen      total 279040K, used 269914K [0x00000000d5580000, 0x00000000ed300000, 0x0000000100000000)
  eden space 223232K, 100% used [0x00000000d5580000,0x00000000e2f80000,0x00000000e2f80000)
  from space 55808K, 83% used [0x00000000e2f80000,0x00000000e5d16a10,0x00000000e6600000)
  to   space 61440K, 0% used [0x00000000e9700000,0x00000000e9700000,0x00000000ed300000)
 ParOldGen       total 283648K, used 72337K [0x0000000080000000, 0x0000000091500000, 0x00000000d5580000)
  object space 283648K, 25% used [0x0000000080000000,0x00000000846a4630,0x0000000091500000)
 Metaspace       used 85203K, capacity 90430K, committed 90648K, reserved 1128448K
  class space    used 11558K, capacity 12572K, committed 12592K, reserved 1048576K
Event: 43.657 GC heap after
Heap after GC invocations=23 (full 3):
 PSYoungGen      total 321536K, used 56683K [0x00000000d5580000, 0x00000000ee400000, 0x0000000100000000)
  eden space 260096K, 0% used [0x00000000d5580000,0x00000000d5580000,0x00000000e5380000)
  from space 61440K, 92% used [0x00000000e9700000,0x00000000ece5af98,0x00000000ed300000)
  to   space 69120K, 0% used [0x00000000e5380000,0x00000000e5380000,0x00000000e9700000)
 ParOldGen       total 283648K, used 72345K [0x0000000080000000, 0x0000000091500000, 0x00000000d5580000)
  object space 283648K, 25% used [0x0000000080000000,0x00000000846a6630,0x0000000091500000)
 Metaspace       used 85203K, capacity 90430K, committed 90648K, reserved 1128448K
  class space    used 11558K, capacity 12572K, committed 12592K, reserved 1048576K
}
Event: 45.146 GC heap before
{Heap before GC invocations=24 (full 3):
 PSYoungGen      total 321536K, used 316779K [0x00000000d5580000, 0x00000000ee400000, 0x0000000100000000)
  eden space 260096K, 100% used [0x00000000d5580000,0x00000000e5380000,0x00000000e5380000)
  from space 61440K, 92% used [0x00000000e9700000,0x00000000ece5af98,0x00000000ed300000)
  to   space 69120K, 0% used [0x00000000e5380000,0x00000000e5380000,0x00000000e9700000)
 ParOldGen       total 283648K, used 72345K [0x0000000080000000, 0x0000000091500000, 0x00000000d5580000)
  object space 283648K, 25% used [0x0000000080000000,0x00000000846a6630,0x0000000091500000)
 Metaspace       used 85252K, capacity 90502K, committed 90648K, reserved 1128448K
  class space    used 11558K, capacity 12572K, committed 12592K, reserved 1048576K
Event: 45.293 GC heap after
Heap after GC invocations=24 (full 3):
 PSYoungGen      total 329216K, used 66379K [0x00000000d5580000, 0x00000000f2880000, 0x0000000100000000)
  eden space 260096K, 0% used [0x00000000d5580000,0x00000000d5580000,0x00000000e5380000)
  from space 69120K, 96% used [0x00000000e5380000,0x00000000e9452d50,0x00000000e9700000)
  to   space 78848K, 0% used [0x00000000edb80000,0x00000000edb80000,0x00000000f2880000)
 ParOldGen       total 283648K, used 72345K [0x0000000080000000, 0x0000000091500000, 0x00000000d5580000)
  object space 283648K, 25% used [0x0000000080000000,0x00000000846a6630,0x0000000091500000)
 Metaspace       used 85252K, capacity 90502K, committed 90648K, reserved 1128448K
  class space    used 11558K, capacity 12572K, committed 12592K, reserved 1048576K
}
Event: 47.034 GC heap before
{Heap before GC invocations=25 (full 3):
 PSYoungGen      total 329216K, used 326475K [0x00000000d5580000, 0x00000000f2880000, 0x0000000100000000)
  eden space 260096K, 100% used [0x00000000d5580000,0x00000000e5380000,0x00000000e5380000)
  from space 69120K, 96% used [0x00000000e5380000,0x00000000e9452d50,0x00000000e9700000)
  to   space 78848K, 0% used [0x00000000edb80000,0x00000000edb80000,0x00000000f2880000)
 ParOldGen       total 283648K, used 72345K [0x0000000080000000, 0x0000000091500000, 0x00000000d5580000)
  object space 283648K, 25% used [0x0000000080000000,0x00000000846a6630,0x0000000091500000)
 Metaspace       used 85308K, capacity 90578K, committed 90648K, reserved 1128448K
  class space    used 11559K, capacity 12572K, committed 12592K, reserved 1048576K
Event: 47.250 GC heap after
Heap after GC invocations=25 (full 3):
 PSYoungGen      total 394240K, used 58215K [0x00000000d5580000, 0x00000000f3800000, 0x0000000100000000)
  eden space 315392K, 0% used [0x00000000d5580000,0x00000000d5580000,0x00000000e8980000)
  from space 78848K, 73% used [0x00000000edb80000,0x00000000f1459d08,0x00000000f2880000)
  to   space 83968K, 0% used [0x00000000e8980000,0x00000000e8980000,0x00000000edb80000)
 ParOldGen       total 283648K, used 82077K [0x0000000080000000, 0x0000000091500000, 0x00000000d5580000)
  object space 283648K, 28% used [0x0000000080000000,0x00000000850274d0,0x0000000091500000)
 Metaspace       used 85308K, capacity 90578K, committed 90648K, reserved 1128448K
  class space    used 11559K, capacity 12572K, committed 12592K, reserved 1048576K
}

