# JRE version: OpenJDK Runtime Environment (8.0_242-b01) (build 1.8.0_242-release-1644-b01)
# Java VM: OpenJDK 64-Bit Server VM (25.242-b01 mixed mode windows-amd64 compressed oops)
Heap:
 PSYoungGen      total 220672K, used 54683K [0x00000000d5580000, 0x00000000e7400000, 0x0000000100000000)
  eden space 202240K, 17% used [0x00000000d5580000,0x00000000d78eebd0,0x00000000e1b00000)
  from space 18432K, 99% used [0x00000000e1b00000,0x00000000e2cf8330,0x00000000e2d00000)
  to   space 22528K, 0% used [0x00000000e5e00000,0x00000000e5e00000,0x00000000e7400000)
 ParOldGen       total 211968K, used 45687K [0x0000000080000000, 0x000000008cf00000, 0x00000000d5580000)
  object space 211968K, 21% used [0x0000000080000000,0x0000000082c9df28,0x000000008cf00000)
 Metaspace       used 67412K, capacity 70526K, committed 70808K, reserved 1110016K
  class space    used 9209K, capacity 9822K, committed 9904K, reserved 1048576K
GC Heap History (10 events):
Event: 5.653 GC heap before
{Heap before GC invocations=10 (full 2):
 PSYoungGen      total 117248K, used 105472K [0x00000000d5580000, 0x00000000e1980000, 0x0000000100000000)
  eden space 105472K, 100% used [0x00000000d5580000,0x00000000dbc80000,0x00000000dbc80000)
  from space 11776K, 0% used [0x00000000dbc80000,0x00000000dbc80000,0x00000000dc800000)
  to   space 11264K, 0% used [0x00000000e0e80000,0x00000000e0e80000,0x00000000e1980000)
 ParOldGen       total 138240K, used 14644K [0x0000000080000000, 0x0000000088700000, 0x00000000d5580000)
  object space 138240K, 10% used [0x0000000080000000,0x0000000080e4d2f8,0x0000000088700000)
 Metaspace       used 38503K, capacity 40200K, committed 40232K, reserved 1083392K
  class space    used 5315K, capacity 5654K, committed 5680K, reserved 1048576K
Event: 5.661 GC heap after
Heap after GC invocations=10 (full 2):
 PSYoungGen      total 166400K, used 8124K [0x00000000d5580000, 0x00000000e1680000, 0x0000000100000000)
  eden space 158208K, 0% used [0x00000000d5580000,0x00000000d5580000,0x00000000df000000)
  from space 8192K, 99% used [0x00000000e0e80000,0x00000000e166f318,0x00000000e1680000)
  to   space 10752K, 0% used [0x00000000e0180000,0x00000000e0180000,0x00000000e0c00000)
 ParOldGen       total 138240K, used 14652K [0x0000000080000000, 0x0000000088700000, 0x00000000d5580000)
  object space 138240K, 10% used [0x0000000080000000,0x0000000080e4f2f8,0x0000000088700000)
 Metaspace       used 38503K, capacity 40200K, committed 40232K, reserved 1083392K
  class space    used 5315K, capacity 5654K, committed 5680K, reserved 1048576K
}
Event: 7.002 GC heap before
{Heap before GC invocations=11 (full 2):
 PSYoungGen      total 166400K, used 166332K [0x00000000d5580000, 0x00000000e1680000, 0x0000000100000000)
  eden space 158208K, 100% used [0x00000000d5580000,0x00000000df000000,0x00000000df000000)
  from space 8192K, 99% used [0x00000000e0e80000,0x00000000e166f318,0x00000000e1680000)
  to   space 10752K, 0% used [0x00000000e0180000,0x00000000e0180000,0x00000000e0c00000)
 ParOldGen       total 138240K, used 14652K [0x0000000080000000, 0x0000000088700000, 0x00000000d5580000)
  object space 138240K, 10% used [0x0000000080000000,0x0000000080e4f2f8,0x0000000088700000)
 Metaspace       used 53919K, capacity 56186K, committed 56232K, reserved 1097728K
  class space    used 7334K, capacity 7823K, committed 7856K, reserved 1048576K
Event: 7.017 GC heap after
Heap after GC invocations=11 (full 2):
 PSYoungGen      total 186880K, used 10740K [0x00000000d5580000, 0x00000000e3e00000, 0x0000000100000000)
  eden space 176128K, 0% used [0x00000000d5580000,0x00000000d5580000,0x00000000e0180000)
  from space 10752K, 99% used [0x00000000e0180000,0x00000000e0bfd310,0x00000000e0c00000)
  to   space 17408K, 0% used [0x00000000e2d00000,0x00000000e2d00000,0x00000000e3e00000)
 ParOldGen       total 138240K, used 28500K [0x0000000080000000, 0x0000000088700000, 0x00000000d5580000)
  object space 138240K, 20% used [0x0000000080000000,0x0000000081bd52a0,0x0000000088700000)
 Metaspace       used 53919K, capacity 56186K, committed 56232K, reserved 1097728K
  class space    used 7334K, capacity 7823K, committed 7856K, reserved 1048576K
}
Event: 7.354 GC heap before
{Heap before GC invocations=12 (full 2):
 PSYoungGen      total 186880K, used 49592K [0x00000000d5580000, 0x00000000e3e00000, 0x0000000100000000)
  eden space 176128K, 22% used [0x00000000d5580000,0x00000000d7b70ea8,0x00000000e0180000)
  from space 10752K, 99% used [0x00000000e0180000,0x00000000e0bfd310,0x00000000e0c00000)
  to   space 17408K, 0% used [0x00000000e2d00000,0x00000000e2d00000,0x00000000e3e00000)
 ParOldGen       total 138240K, used 28500K [0x0000000080000000, 0x0000000088700000, 0x00000000d5580000)
  object space 138240K, 20% used [0x0000000080000000,0x0000000081bd52a0,0x0000000088700000)
 Metaspace       used 56738K, capacity 59090K, committed 59160K, reserved 1099776K
  class space    used 7772K, capacity 8216K, committed 8240K, reserved 1048576K
Event: 7.368 GC heap after
Heap after GC invocations=12 (full 2):
 PSYoungGen      total 219648K, used 14769K [0x00000000d5580000, 0x00000000e5e00000, 0x0000000100000000)
  eden space 202240K, 0% used [0x00000000d5580000,0x00000000d5580000,0x00000000e1b00000)
  from space 17408K, 84% used [0x00000000e2d00000,0x00000000e3b6c730,0x00000000e3e00000)
  to   space 18432K, 0% used [0x00000000e1b00000,0x00000000e1b00000,0x00000000e2d00000)
 ParOldGen       total 138240K, used 28500K [0x0000000080000000, 0x0000000088700000, 0x00000000d5580000)
  object space 138240K, 20% used [0x0000000080000000,0x0000000081bd52a0,0x0000000088700000)
 Metaspace       used 56738K, capacity 59090K, committed 59160K, reserved 1099776K
  class space    used 7772K, capacity 8216K, committed 8240K, reserved 1048576K
}
Event: 7.368 GC heap before
{Heap before GC invocations=13 (full 3):
 PSYoungGen      total 219648K, used 14769K [0x00000000d5580000, 0x00000000e5e00000, 0x0000000100000000)
  eden space 202240K, 0% used [0x00000000d5580000,0x00000000d5580000,0x00000000e1b00000)
  from space 17408K, 84% used [0x00000000e2d00000,0x00000000e3b6c730,0x00000000e3e00000)
  to   space 18432K, 0% used [0x00000000e1b00000,0x00000000e1b00000,0x00000000e2d00000)
 ParOldGen       total 138240K, used 28500K [0x0000000080000000, 0x0000000088700000, 0x00000000d5580000)
  object space 138240K, 20% used [0x0000000080000000,0x0000000081bd52a0,0x0000000088700000)
 Metaspace       used 56738K, capacity 59090K, committed 59160K, reserved 1099776K
  class space    used 7772K, capacity 8216K, committed 8240K, reserved 1048576K
Event: 7.515 GC heap after
Heap after GC invocations=13 (full 3):
 PSYoungGen      total 219648K, used 0K [0x00000000d5580000, 0x00000000e5e00000, 0x0000000100000000)
  eden space 202240K, 0% used [0x00000000d5580000,0x00000000d5580000,0x00000000e1b00000)
  from space 17408K, 0% used [0x00000000e2d00000,0x00000000e2d00000,0x00000000e3e00000)
  to   space 18432K, 0% used [0x00000000e1b00000,0x00000000e1b00000,0x00000000e2d00000)
 ParOldGen       total 211968K, used 39977K [0x0000000080000000, 0x000000008cf00000, 0x00000000d5580000)
  object space 211968K, 18% used [0x0000000080000000,0x000000008270a7b8,0x000000008cf00000)
 Metaspace       used 56704K, capacity 58976K, committed 59160K, reserved 1099776K
  class space    used 7761K, capacity 8197K, committed 8240K, reserved 1048576K
}
Event: 9.621 GC heap before
{Heap before GC invocations=14 (full 3):
 PSYoungGen      total 219648K, used 202240K [0x00000000d5580000, 0x00000000e5e00000, 0x0000000100000000)
  eden space 202240K, 100% used [0x00000000d5580000,0x00000000e1b00000,0x00000000e1b00000)
  from space 17408K, 0% used [0x00000000e2d00000,0x00000000e2d00000,0x00000000e3e00000)
  to   space 18432K, 0% used [0x00000000e1b00000,0x00000000e1b00000,0x00000000e2d00000)
 ParOldGen       total 211968K, used 39977K [0x0000000080000000, 0x000000008cf00000, 0x00000000d5580000)
  object space 211968K, 18% used [0x0000000080000000,0x000000008270a7b8,0x000000008cf00000)
 Metaspace       used 64671K, capacity 67722K, committed 67864K, reserved 1107968K
  class space    used 8932K, capacity 9508K, committed 9520K, reserved 1048576K
Event: 9.638 GC heap after
Heap after GC invocations=14 (full 3):
 PSYoungGen      total 220672K, used 18400K [0x00000000d5580000, 0x00000000e7400000, 0x0000000100000000)
  eden space 202240K, 0% used [0x00000000d5580000,0x00000000d5580000,0x00000000e1b00000)
  from space 18432K, 99% used [0x00000000e1b00000,0x00000000e2cf8330,0x00000000e2d00000)
  to   space 22528K, 0% used [0x00000000e5e00000,0x00000000e5e00000,0x00000000e7400000)
 ParOldGen       total 211968K, used 45687K [0x0000000080000000, 0x000000008cf00000, 0x00000000d5580000)
  object space 211968K, 21% used [0x0000000080000000,0x0000000082c9df28,0x000000008cf00000)
 Metaspace       used 64671K, capacity 67722K, committed 67864K, reserved 1107968K
  class space    used 8932K, capacity 9508K, committed 9520K, reserved 1048576K
}

