# JRE version: OpenJDK Runtime Environment (8.0_242-b01) (build 1.8.0_242-release-1644-b01)
# Java VM: OpenJDK 64-Bit Server VM (25.242-b01 mixed mode windows-amd64 compressed oops)
Heap:
 PSYoungGen      total 211456K, used 159605K [0x00000000d5580000, 0x00000000e6480000, 0x0000000100000000)
  eden space 193024K, 73% used [0x00000000d5580000,0x00000000ddfc1010,0x00000000e1200000)
  from space 18432K, 97% used [0x00000000e1200000,0x00000000e239c738,0x00000000e2400000)
  to   space 20480K, 0% used [0x00000000e5080000,0x00000000e5080000,0x00000000e6480000)
 ParOldGen       total 212992K, used 30940K [0x0000000080000000, 0x000000008d000000, 0x00000000d5580000)
  object space 212992K, 14% used [0x0000000080000000,0x0000000081e37240,0x000000008d000000)
 Metaspace       used 72754K, capacity 76304K, committed 76568K, reserved 1116160K
  class space    used 9848K, capacity 10491K, committed 10544K, reserved 1048576K
GC Heap History (10 events):
Event: 6.407 GC heap before
{Heap before GC invocations=10 (full 2):
 PSYoungGen      total 115712K, used 103936K [0x00000000d5580000, 0x00000000e1480000, 0x0000000100000000)
  eden space 103936K, 100% used [0x00000000d5580000,0x00000000dbb00000,0x00000000dbb00000)
  from space 11776K, 0% used [0x00000000dbb00000,0x00000000dbb00000,0x00000000dc680000)
  to   space 11264K, 0% used [0x00000000e0980000,0x00000000e0980000,0x00000000e1480000)
 ParOldGen       total 145920K, used 14630K [0x0000000080000000, 0x0000000088e80000, 0x00000000d5580000)
  object space 145920K, 10% used [0x0000000080000000,0x0000000080e498f8,0x0000000088e80000)
 Metaspace       used 38398K, capacity 40092K, committed 40232K, reserved 1083392K
  class space    used 5301K, capacity 5658K, committed 5680K, reserved 1048576K
Event: 6.419 GC heap after
Heap after GC invocations=10 (full 2):
 PSYoungGen      total 161280K, used 7907K [0x00000000d5580000, 0x00000000e1180000, 0x0000000100000000)
  eden space 153088K, 0% used [0x00000000d5580000,0x00000000d5580000,0x00000000deb00000)
  from space 8192K, 96% used [0x00000000e0980000,0x00000000e1138d90,0x00000000e1180000)
  to   space 11264K, 0% used [0x00000000dfb80000,0x00000000dfb80000,0x00000000e0680000)
 ParOldGen       total 145920K, used 14638K [0x0000000080000000, 0x0000000088e80000, 0x00000000d5580000)
  object space 145920K, 10% used [0x0000000080000000,0x0000000080e4b8f8,0x0000000088e80000)
 Metaspace       used 38398K, capacity 40092K, committed 40232K, reserved 1083392K
  class space    used 5301K, capacity 5658K, committed 5680K, reserved 1048576K
}
Event: 8.083 GC heap before
{Heap before GC invocations=11 (full 2):
 PSYoungGen      total 161280K, used 160995K [0x00000000d5580000, 0x00000000e1180000, 0x0000000100000000)
  eden space 153088K, 100% used [0x00000000d5580000,0x00000000deb00000,0x00000000deb00000)
  from space 8192K, 96% used [0x00000000e0980000,0x00000000e1138d90,0x00000000e1180000)
  to   space 11264K, 0% used [0x00000000dfb80000,0x00000000dfb80000,0x00000000e0680000)
 ParOldGen       total 145920K, used 14638K [0x0000000080000000, 0x0000000088e80000, 0x00000000d5580000)
  object space 145920K, 10% used [0x0000000080000000,0x0000000080e4b8f8,0x0000000088e80000)
 Metaspace       used 52907K, capacity 55024K, committed 55208K, reserved 1097728K
  class space    used 7131K, capacity 7562K, committed 7600K, reserved 1048576K
Event: 8.100 GC heap after
Heap after GC invocations=11 (full 2):
 PSYoungGen      total 181248K, used 11236K [0x00000000d5580000, 0x00000000e3480000, 0x0000000100000000)
  eden space 169984K, 0% used [0x00000000d5580000,0x00000000d5580000,0x00000000dfb80000)
  from space 11264K, 99% used [0x00000000dfb80000,0x00000000e0679310,0x00000000e0680000)
  to   space 16896K, 0% used [0x00000000e2400000,0x00000000e2400000,0x00000000e3480000)
 ParOldGen       total 145920K, used 26944K [0x0000000080000000, 0x0000000088e80000, 0x00000000d5580000)
  object space 145920K, 18% used [0x0000000080000000,0x0000000081a500b0,0x0000000088e80000)
 Metaspace       used 52907K, capacity 55024K, committed 55208K, reserved 1097728K
  class space    used 7131K, capacity 7562K, committed 7600K, reserved 1048576K
}
Event: 8.552 GC heap before
{Heap before GC invocations=12 (full 2):
 PSYoungGen      total 181248K, used 57570K [0x00000000d5580000, 0x00000000e3480000, 0x0000000100000000)
  eden space 169984K, 27% used [0x00000000d5580000,0x00000000d82bf7e8,0x00000000dfb80000)
  from space 11264K, 99% used [0x00000000dfb80000,0x00000000e0679310,0x00000000e0680000)
  to   space 16896K, 0% used [0x00000000e2400000,0x00000000e2400000,0x00000000e3480000)
 ParOldGen       total 145920K, used 26944K [0x0000000080000000, 0x0000000088e80000, 0x00000000d5580000)
  object space 145920K, 18% used [0x0000000080000000,0x0000000081a500b0,0x0000000088e80000)
 Metaspace       used 56757K, capacity 59128K, committed 59160K, reserved 1099776K
  class space    used 7772K, capacity 8221K, committed 8240K, reserved 1048576K
Event: 8.565 GC heap after
Heap after GC invocations=12 (full 2):
 PSYoungGen      total 209920K, used 16186K [0x00000000d5580000, 0x00000000e5180000, 0x0000000100000000)
  eden space 193024K, 0% used [0x00000000d5580000,0x00000000d5580000,0x00000000e1200000)
  from space 16896K, 95% used [0x00000000e2400000,0x00000000e33ce890,0x00000000e3480000)
  to   space 18432K, 0% used [0x00000000e1200000,0x00000000e1200000,0x00000000e2400000)
 ParOldGen       total 145920K, used 26952K [0x0000000080000000, 0x0000000088e80000, 0x00000000d5580000)
  object space 145920K, 18% used [0x0000000080000000,0x0000000081a520b0,0x0000000088e80000)
 Metaspace       used 56757K, capacity 59128K, committed 59160K, reserved 1099776K
  class space    used 7772K, capacity 8221K, committed 8240K, reserved 1048576K
}
Event: 8.565 GC heap before
{Heap before GC invocations=13 (full 3):
 PSYoungGen      total 209920K, used 16186K [0x00000000d5580000, 0x00000000e5180000, 0x0000000100000000)
  eden space 193024K, 0% used [0x00000000d5580000,0x00000000d5580000,0x00000000e1200000)
  from space 16896K, 95% used [0x00000000e2400000,0x00000000e33ce890,0x00000000e3480000)
  to   space 18432K, 0% used [0x00000000e1200000,0x00000000e1200000,0x00000000e2400000)
 ParOldGen       total 145920K, used 26952K [0x0000000080000000, 0x0000000088e80000, 0x00000000d5580000)
  object space 145920K, 18% used [0x0000000080000000,0x0000000081a520b0,0x0000000088e80000)
 Metaspace       used 56757K, capacity 59128K, committed 59160K, reserved 1099776K
  class space    used 7772K, capacity 8221K, committed 8240K, reserved 1048576K
Event: 8.694 GC heap after
Heap after GC invocations=13 (full 3):
 PSYoungGen      total 209920K, used 0K [0x00000000d5580000, 0x00000000e5180000, 0x0000000100000000)
  eden space 193024K, 0% used [0x00000000d5580000,0x00000000d5580000,0x00000000e1200000)
  from space 16896K, 0% used [0x00000000e2400000,0x00000000e2400000,0x00000000e3480000)
  to   space 18432K, 0% used [0x00000000e1200000,0x00000000e1200000,0x00000000e2400000)
 ParOldGen       total 212992K, used 30932K [0x0000000080000000, 0x000000008d000000, 0x00000000d5580000)
  object space 212992K, 14% used [0x0000000080000000,0x0000000081e35240,0x000000008d000000)
 Metaspace       used 56715K, capacity 58984K, committed 59160K, reserved 1099776K
  class space    used 7759K, capacity 8197K, committed 8240K, reserved 1048576K
}
Event: 10.975 GC heap before
{Heap before GC invocations=14 (full 3):
 PSYoungGen      total 209920K, used 193024K [0x00000000d5580000, 0x00000000e5180000, 0x0000000100000000)
  eden space 193024K, 100% used [0x00000000d5580000,0x00000000e1200000,0x00000000e1200000)
  from space 16896K, 0% used [0x00000000e2400000,0x00000000e2400000,0x00000000e3480000)
  to   space 18432K, 0% used [0x00000000e1200000,0x00000000e1200000,0x00000000e2400000)
 ParOldGen       total 212992K, used 30932K [0x0000000080000000, 0x000000008d000000, 0x00000000d5580000)
  object space 212992K, 14% used [0x0000000080000000,0x0000000081e35240,0x000000008d000000)
 Metaspace       used 68473K, capacity 71944K, committed 72088K, reserved 1112064K
  class space    used 9427K, capacity 10075K, committed 10160K, reserved 1048576K
Event: 10.990 GC heap after
Heap after GC invocations=14 (full 3):
 PSYoungGen      total 211456K, used 18033K [0x00000000d5580000, 0x00000000e6480000, 0x0000000100000000)
  eden space 193024K, 0% used [0x00000000d5580000,0x00000000d5580000,0x00000000e1200000)
  from space 18432K, 97% used [0x00000000e1200000,0x00000000e239c738,0x00000000e2400000)
  to   space 20480K, 0% used [0x00000000e5080000,0x00000000e5080000,0x00000000e6480000)
 ParOldGen       total 212992K, used 30940K [0x0000000080000000, 0x000000008d000000, 0x00000000d5580000)
  object space 212992K, 14% used [0x0000000080000000,0x0000000081e37240,0x000000008d000000)
 Metaspace       used 68473K, capacity 71944K, committed 72088K, reserved 1112064K
  class space    used 9427K, capacity 10075K, committed 10160K, reserved 1048576K
}

