# JRE version: OpenJDK Runtime Environment (8.0_242-b01) (build 1.8.0_242-release-1644-b01)
# Java VM: OpenJDK 64-Bit Server VM (25.242-b01 mixed mode windows-amd64 compressed oops)
Heap:
 PSYoungGen      total 175616K, used 9057K [0x00000000d5580000, 0x00000000e2080000, 0x0000000100000000)
  eden space 166912K, 5% used [0x00000000d5580000,0x00000000d5e58430,0x00000000df880000)
  from space 8704K, 0% used [0x00000000e1800000,0x00000000e1800000,0x00000000e2080000)
  to   space 10752K, 0% used [0x00000000e0b80000,0x00000000e0b80000,0x00000000e1600000)
 ParOldGen       total 129024K, used 28341K [0x0000000080000000, 0x0000000087e00000, 0x00000000d5580000)
  object space 129024K, 21% used [0x0000000080000000,0x0000000081bad6d8,0x0000000087e00000)
 Metaspace       used 56708K, capacity 58958K, committed 59304K, reserved 1110016K
  class space    used 7806K, capacity 8294K, committed 8368K, reserved 1048576K
GC Heap History (10 events):
Event: 14.972 GC heap before
{Heap before GC invocations=14 (full 4):
 PSYoungGen      total 175616K, used 2402K [0x00000000d5580000, 0x00000000e2080000, 0x0000000100000000)
  eden space 166912K, 0% used [0x00000000d5580000,0x00000000d5580000,0x00000000df880000)
  from space 8704K, 27% used [0x00000000e1800000,0x00000000e1a58910,0x00000000e2080000)
  to   space 10752K, 0% used [0x00000000e0b80000,0x00000000e0b80000,0x00000000e1600000)
 ParOldGen       total 129024K, used 36958K [0x0000000080000000, 0x0000000087e00000, 0x00000000d5580000)
  object space 129024K, 28% used [0x0000000080000000,0x00000000824178c8,0x0000000087e00000)
 Metaspace       used 55673K, capacity 58004K, committed 58152K, reserved 1107968K
  class space    used 7646K, capacity 8155K, committed 8240K, reserved 1048576K
Event: 15.113 GC heap after
Heap after GC invocations=14 (full 4):
 PSYoungGen      total 175616K, used 0K [0x00000000d5580000, 0x00000000e2080000, 0x0000000100000000)
  eden space 166912K, 0% used [0x00000000d5580000,0x00000000d5580000,0x00000000df880000)
  from space 8704K, 0% used [0x00000000e1800000,0x00000000e1800000,0x00000000e2080000)
  to   space 10752K, 0% used [0x00000000e0b80000,0x00000000e0b80000,0x00000000e1600000)
 ParOldGen       total 129024K, used 28981K [0x0000000080000000, 0x0000000087e00000, 0x00000000d5580000)
  object space 129024K, 22% used [0x0000000080000000,0x0000000081c4d750,0x0000000087e00000)
 Metaspace       used 55673K, capacity 58004K, committed 58152K, reserved 1105920K
  class space    used 7646K, capacity 8155K, committed 8240K, reserved 1048576K
}
Event: 15.113 GC heap before
{Heap before GC invocations=15 (full 4):
 PSYoungGen      total 175616K, used 355K [0x00000000d5580000, 0x00000000e2080000, 0x0000000100000000)
  eden space 166912K, 0% used [0x00000000d5580000,0x00000000d55d8db8,0x00000000df880000)
  from space 8704K, 0% used [0x00000000e1800000,0x00000000e1800000,0x00000000e2080000)
  to   space 10752K, 0% used [0x00000000e0b80000,0x00000000e0b80000,0x00000000e1600000)
 ParOldGen       total 129024K, used 28981K [0x0000000080000000, 0x0000000087e00000, 0x00000000d5580000)
  object space 129024K, 22% used [0x0000000080000000,0x0000000081c4d750,0x0000000087e00000)
 Metaspace       used 55673K, capacity 58004K, committed 58152K, reserved 1110016K
  class space    used 7646K, capacity 8155K, committed 8240K, reserved 1048576K
Event: 15.117 GC heap after
Heap after GC invocations=15 (full 4):
 PSYoungGen      total 177664K, used 32K [0x00000000d5580000, 0x00000000e2080000, 0x0000000100000000)
  eden space 166912K, 0% used [0x00000000d5580000,0x00000000d5580000,0x00000000df880000)
  from space 10752K, 0% used [0x00000000e0b80000,0x00000000e0b88000,0x00000000e1600000)
  to   space 8704K, 0% used [0x00000000e1800000,0x00000000e1800000,0x00000000e2080000)
 ParOldGen       total 129024K, used 28981K [0x0000000080000000, 0x0000000087e00000, 0x00000000d5580000)
  object space 129024K, 22% used [0x0000000080000000,0x0000000081c4d750,0x0000000087e00000)
 Metaspace       used 55673K, capacity 58004K, committed 58152K, reserved 1110016K
  class space    used 7646K, capacity 8155K, committed 8240K, reserved 1048576K
}
Event: 15.117 GC heap before
{Heap before GC invocations=16 (full 5):
 PSYoungGen      total 177664K, used 32K [0x00000000d5580000, 0x00000000e2080000, 0x0000000100000000)
  eden space 166912K, 0% used [0x00000000d5580000,0x00000000d5580000,0x00000000df880000)
  from space 10752K, 0% used [0x00000000e0b80000,0x00000000e0b88000,0x00000000e1600000)
  to   space 8704K, 0% used [0x00000000e1800000,0x00000000e1800000,0x00000000e2080000)
 ParOldGen       total 129024K, used 28981K [0x0000000080000000, 0x0000000087e00000, 0x00000000d5580000)
  object space 129024K, 22% used [0x0000000080000000,0x0000000081c4d750,0x0000000087e00000)
 Metaspace       used 55673K, capacity 58004K, committed 58152K, reserved 1110016K
  class space    used 7646K, capacity 8155K, committed 8240K, reserved 1048576K
Event: 15.209 GC heap after
Heap after GC invocations=16 (full 5):
 PSYoungGen      total 177664K, used 0K [0x00000000d5580000, 0x00000000e2080000, 0x0000000100000000)
  eden space 166912K, 0% used [0x00000000d5580000,0x00000000d5580000,0x00000000df880000)
  from space 10752K, 0% used [0x00000000e0b80000,0x00000000e0b80000,0x00000000e1600000)
  to   space 8704K, 0% used [0x00000000e1800000,0x00000000e1800000,0x00000000e2080000)
 ParOldGen       total 129024K, used 28725K [0x0000000080000000, 0x0000000087e00000, 0x00000000d5580000)
  object space 129024K, 22% used [0x0000000080000000,0x0000000081c0d590,0x0000000087e00000)
 Metaspace       used 55673K, capacity 58004K, committed 58152K, reserved 1105920K
  class space    used 7646K, capacity 8155K, committed 8240K, reserved 1048576K
}
Event: 15.284 GC heap before
{Heap before GC invocations=17 (full 5):
 PSYoungGen      total 177664K, used 6331K [0x00000000d5580000, 0x00000000e2080000, 0x0000000100000000)
  eden space 166912K, 3% used [0x00000000d5580000,0x00000000d5baeeb8,0x00000000df880000)
  from space 10752K, 0% used [0x00000000e0b80000,0x00000000e0b80000,0x00000000e1600000)
  to   space 8704K, 0% used [0x00000000e1800000,0x00000000e1800000,0x00000000e2080000)
 ParOldGen       total 129024K, used 28725K [0x0000000080000000, 0x0000000087e00000, 0x00000000d5580000)
  object space 129024K, 22% used [0x0000000080000000,0x0000000081c0d590,0x0000000087e00000)
 Metaspace       used 55934K, capacity 58228K, committed 58408K, reserved 1112064K
  class space    used 7691K, capacity 8159K, committed 8240K, reserved 1048576K
Event: 15.289 GC heap after
Heap after GC invocations=17 (full 5):
 PSYoungGen      total 175616K, used 608K [0x00000000d5580000, 0x00000000e2080000, 0x0000000100000000)
  eden space 166912K, 0% used [0x00000000d5580000,0x00000000d5580000,0x00000000df880000)
  from space 8704K, 6% used [0x00000000e1800000,0x00000000e1898000,0x00000000e2080000)
  to   space 10752K, 0% used [0x00000000e0b80000,0x00000000e0b80000,0x00000000e1600000)
 ParOldGen       total 129024K, used 28733K [0x0000000080000000, 0x0000000087e00000, 0x00000000d5580000)
  object space 129024K, 22% used [0x0000000080000000,0x0000000081c0f590,0x0000000087e00000)
 Metaspace       used 55934K, capacity 58228K, committed 58408K, reserved 1112064K
  class space    used 7691K, capacity 8159K, committed 8240K, reserved 1048576K
}
Event: 15.289 GC heap before
{Heap before GC invocations=18 (full 6):
 PSYoungGen      total 175616K, used 608K [0x00000000d5580000, 0x00000000e2080000, 0x0000000100000000)
  eden space 166912K, 0% used [0x00000000d5580000,0x00000000d5580000,0x00000000df880000)
  from space 8704K, 6% used [0x00000000e1800000,0x00000000e1898000,0x00000000e2080000)
  to   space 10752K, 0% used [0x00000000e0b80000,0x00000000e0b80000,0x00000000e1600000)
 ParOldGen       total 129024K, used 28733K [0x0000000080000000, 0x0000000087e00000, 0x00000000d5580000)
  object space 129024K, 22% used [0x0000000080000000,0x0000000081c0f590,0x0000000087e00000)
 Metaspace       used 55934K, capacity 58228K, committed 58408K, reserved 1112064K
  class space    used 7691K, capacity 8159K, committed 8240K, reserved 1048576K
Event: 15.383 GC heap after
Heap after GC invocations=18 (full 6):
 PSYoungGen      total 175616K, used 0K [0x00000000d5580000, 0x00000000e2080000, 0x0000000100000000)
  eden space 166912K, 0% used [0x00000000d5580000,0x00000000d5580000,0x00000000df880000)
  from space 8704K, 0% used [0x00000000e1800000,0x00000000e1800000,0x00000000e2080000)
  to   space 10752K, 0% used [0x00000000e0b80000,0x00000000e0b80000,0x00000000e1600000)
 ParOldGen       total 129024K, used 28341K [0x0000000080000000, 0x0000000087e00000, 0x00000000d5580000)
  object space 129024K, 21% used [0x0000000080000000,0x0000000081bad6d8,0x0000000087e00000)
 Metaspace       used 55934K, capacity 58228K, committed 58408K, reserved 1107968K
  class space    used 7691K, capacity 8159K, committed 8240K, reserved 1048576K
}

